warning, can't find model 'cw' from line
    cwire_1 n_in gnd cw
warning, can't find model 'rw' from line
    rwire_1 n_in n_out rw
warning, can't find model 'cw' from line
    cwire_2 n_out gnd cw
Warning: vin: no DC value, transient time 0 value used
******
** ngspice-37+ : Circuit level simulation program
** The U. C. Berkeley CAD Group
** Copyright 1985-1994, Regents of the University of California.
** Copyright 2001-2022, The ngspice team.
** Please get your ngspice manual from http://ngspice.sourceforge.net/docs.html
** Please file your bug-reports at http://ngspice.sourceforge.net/bugrep.html
** Creation Date: Mon Jul 25 11:02:59 UTC 2022
******

Note: No compatibility mode selected!


Circuit: Local BLE output

Doing analysis at TEMP = 27.000000 and TNOM = 27.000000

Warning: toxe, toxp and dtox all given and toxe != toxp + dtox; dtox ignored.

Initial Transient Solution
--------------------------

Node                                   Voltage
----                                   -------
vdd                                        0.8
vdd_lp                                    0.95
vsram                                        1
vrefmtj                                  0.627
vclmpmtj                                 0.653
vsram_n                                      0
ground                                       0
n_in                                         0
vdd_local_output                           0.8
xlut.n_1_1                             0.79997
xlut.n_1_2                             0.79997
xlut.n_2_1                          4.8439e-05
xlut.n_2_2                          4.8476e-05
xlut.n_3_1                         6.03929e-05
xlut.n_3_2                         6.04188e-05
xlut.n_3_3                         6.04188e-05
xlut.n_4_1                         7.22513e-05
xlut.n_4_2                         7.23028e-05
xlut.n_4_3                         7.23028e-05
xlut.n_5_1                         8.40509e-05
xlut.n_5_2                         8.41531e-05
xlut.n_5_3                         8.41531e-05
xlut.n_6_1                            0.799945
xlut.n_6_2                            0.799945
xlut.n_7_1                         4.84746e-05
xlut.n_7_2                         4.85128e-05
xlut.n_8_1                         5.63369e-05
xlut.n_8_2                         5.65436e-05
xlut.n_8_3                         5.65436e-05
xlut.n_9_1                         6.42809e-05
xlut.n_9_2                         6.46897e-05
xlut.n_9_3                         6.46897e-05
xlut.n_11_1                           0.799945
xlut.n_11_2                           0.799945
n_1_1                              7.19214e-05
xlut_output_load.n_1_1             7.29359e-05
xlut_output_load.xff.n_1_1         7.81794e-05
xlut_output_load.xff.n_1_2         7.82095e-05
xlut_output_load.xff.n_1_3         7.82095e-05
xlut_output_load.xff.n_2_1             0.79998
xlut_output_load.xff.n_2_2             0.79998
xlut_output_load.xff.n_3_1            0.395871
xlut_output_load.xff.n_3_2            0.395871
xlut_output_load.xff.n_4_1            0.396036
xlut_output_load.xff.n_4_2            0.396035
xlut_output_load.xff.n_5_1               0.396
xlut_output_load.xff.n_5_2               0.396
xlut_output_load.xff.n_6_1               0.396
xlut_output_load.xff.n_6_2               0.396
xlut_output_load.n_hang1              0.468882
xlut_output_load.n_1_2             7.40532e-05
xlut_output_load.xble_outputs.n_1_2     7.42814e-05
xlut_output_load.xble_outputs.xlocal_ble_output_1.n_1_1     8.47721e-05
xlut_output_load.xble_outputs.xlocal_ble_output_1.n_1_2     8.47976e-05
xlut_output_load.xble_outputs.xlocal_ble_output_1.n_1_3     8.47976e-05
xlut_output_load.xble_outputs.xlocal_ble_output_1.n_2_1        0.799946
xlut_output_load.xble_outputs.xlocal_ble_output_1.n_2_2        0.799946
n_local_out                        3.41772e-05
xlut_output_load.xble_outputs.xlocal_ble_output_2.n_1_1     8.45439e-05
xlut_output_load.xble_outputs.xlocal_ble_output_2.n_1_2     8.45693e-05
xlut_output_load.xble_outputs.xlocal_ble_output_2.n_1_3     8.45693e-05
xlut_output_load.xble_outputs.xlocal_ble_output_2.n_2_1        0.799946
xlut_output_load.xble_outputs.xlocal_ble_output_2.n_2_2        0.799946
xlut_output_load.xble_outputs.n_hang_3     2.78695e-05
xlut_output_load.xble_outputs.n_1_4     7.45097e-05
xlut_output_load.xble_outputs.xgeneral_ble_output_1.n_1_1     8.50004e-05
xlut_output_load.xble_outputs.xgeneral_ble_output_1.n_1_2     8.50259e-05
xlut_output_load.xble_outputs.xgeneral_ble_output_1.n_1_3     8.50259e-05
xlut_output_load.xble_outputs.xgeneral_ble_output_1.n_2_1        0.799946
xlut_output_load.xble_outputs.xgeneral_ble_output_1.n_2_2        0.799946
n_general_out                      2.80926e-05
xlut_output_load.xble_outputs.n_1_5      7.4738e-05
xlut_output_load.xble_outputs.xgeneral_ble_output_2.n_1_1     8.52286e-05
xlut_output_load.xble_outputs.xgeneral_ble_output_2.n_1_2     8.52541e-05
xlut_output_load.xble_outputs.xgeneral_ble_output_2.n_1_3     8.52541e-05
xlut_output_load.xble_outputs.xgeneral_ble_output_2.n_2_1        0.799946
xlut_output_load.xble_outputs.xgeneral_ble_output_2.n_2_2        0.799946
xlut_output_load.xble_outputs.n_hang_5     2.80926e-05
xlocal_ble_output_load.n_1_1       4.05144e-05
xlocal_ble_output_load.xlocal_routing_wire_load_1.n_1     4.07256e-05
xlocal_ble_output_load.xlocal_routing_wire_load_1.n_2     4.09369e-05
xlocal_ble_output_load.xlocal_routing_wire_load_1.n_3     4.11481e-05
xlocal_ble_output_load.xlocal_routing_wire_load_1.n_4     4.13594e-05
xlocal_ble_output_load.xlocal_routing_wire_load_1.n_5     4.15706e-05
xlocal_ble_output_load.xlocal_routing_wire_load_1.n_6     4.17819e-05
xlocal_ble_output_load.xlocal_routing_wire_load_1.n_7     4.19932e-05
xlocal_ble_output_load.xlocal_routing_wire_load_1.n_8     4.22044e-05
xlocal_ble_output_load.xlocal_routing_wire_load_1.n_9     4.24157e-05
xlocal_ble_output_load.xlocal_routing_wire_load_1.xlocal_mux_partial_1.n_1     4.25208e-05
xlocal_ble_output_load.xlocal_routing_wire_load_1.xlocal_mux_partial_1.n_1_1     4.25208e-05
xlocal_ble_output_load.xlocal_routing_wire_load_1.xlocal_mux_partial_1.n_1_2     4.25208e-05
xlocal_ble_output_load.xlocal_routing_wire_load_1.xlocal_mux_partial_1.n_1_3     4.25208e-05
xlocal_ble_output_load.xlocal_routing_wire_load_1.xlocal_mux_partial_1.n_1_4     4.25208e-05
xlocal_ble_output_load.xlocal_routing_wire_load_1.xlocal_mux_partial_1.n_1_5     4.25208e-05
xlocal_ble_output_load.xlocal_routing_wire_load_1.xlocal_mux_partial_1.n_1_6     4.25207e-05
xlocal_ble_output_load.xlocal_routing_wire_load_1.n_10     4.26231e-05
xlocal_ble_output_load.xlocal_routing_wire_load_1.n_11     4.28305e-05
xlocal_ble_output_load.xlocal_routing_wire_load_1.n_12     4.30379e-05
xlocal_ble_output_load.xlocal_routing_wire_load_1.n_13     4.32452e-05
xlocal_ble_output_load.xlocal_routing_wire_load_1.n_14     4.34526e-05
xlocal_ble_output_load.xlocal_routing_wire_load_1.n_15       4.366e-05
xlocal_ble_output_load.xlocal_routing_wire_load_1.n_16     4.38674e-05
xlocal_ble_output_load.xlocal_routing_wire_load_1.n_17     4.40748e-05
xlocal_ble_output_load.xlocal_routing_wire_load_1.n_18     4.42822e-05
xlocal_ble_output_load.xlocal_routing_wire_load_1.xlocal_mux_partial_2.n_1     4.43873e-05
xlocal_ble_output_load.xlocal_routing_wire_load_1.xlocal_mux_partial_2.n_1_1     4.43872e-05
xlocal_ble_output_load.xlocal_routing_wire_load_1.xlocal_mux_partial_2.n_1_2     4.43872e-05
xlocal_ble_output_load.xlocal_routing_wire_load_1.xlocal_mux_partial_2.n_1_3     4.43872e-05
xlocal_ble_output_load.xlocal_routing_wire_load_1.xlocal_mux_partial_2.n_1_4     4.43872e-05
xlocal_ble_output_load.xlocal_routing_wire_load_1.xlocal_mux_partial_2.n_1_5     4.43872e-05
xlocal_ble_output_load.xlocal_routing_wire_load_1.xlocal_mux_partial_2.n_1_6     4.43872e-05
xlocal_ble_output_load.xlocal_routing_wire_load_1.n_19     4.44858e-05
xlocal_ble_output_load.xlocal_routing_wire_load_1.n_20     4.46893e-05
xlocal_ble_output_load.xlocal_routing_wire_load_1.n_21     4.48928e-05
xlocal_ble_output_load.xlocal_routing_wire_load_1.n_22     4.50963e-05
xlocal_ble_output_load.xlocal_routing_wire_load_1.n_23     4.52999e-05
xlocal_ble_output_load.xlocal_routing_wire_load_1.n_24     4.55034e-05
xlocal_ble_output_load.xlocal_routing_wire_load_1.n_25     4.57069e-05
xlocal_ble_output_load.xlocal_routing_wire_load_1.n_26     4.59105e-05
xlocal_ble_output_load.xlocal_routing_wire_load_1.n_27      4.6114e-05
xlocal_ble_output_load.xlocal_routing_wire_load_1.xlocal_mux_partial_3.n_1      4.6219e-05
xlocal_ble_output_load.xlocal_routing_wire_load_1.xlocal_mux_partial_3.n_1_1      4.6219e-05
xlocal_ble_output_load.xlocal_routing_wire_load_1.xlocal_mux_partial_3.n_1_2      4.6219e-05
xlocal_ble_output_load.xlocal_routing_wire_load_1.xlocal_mux_partial_3.n_1_3      4.6219e-05
xlocal_ble_output_load.xlocal_routing_wire_load_1.xlocal_mux_partial_3.n_1_4      4.6219e-05
xlocal_ble_output_load.xlocal_routing_wire_load_1.xlocal_mux_partial_3.n_1_5      4.6219e-05
xlocal_ble_output_load.xlocal_routing_wire_load_1.xlocal_mux_partial_3.n_1_6      4.6219e-05
xlocal_ble_output_load.xlocal_routing_wire_load_1.n_28     4.63137e-05
xlocal_ble_output_load.xlocal_routing_wire_load_1.xlocal_mux_on_1.xlocal_mux_on_mux_only.n_1     5.70457e-05
xlocal_ble_output_load.xlocal_routing_wire_load_1.xlocal_mux_on_1.xlocal_mux_on_mux_only.n_1_1     5.70992e-05
xlocal_ble_output_load.xlocal_routing_wire_load_1.xlocal_mux_on_1.xlocal_mux_on_mux_only.n_1_2     5.71528e-05
xlocal_ble_output_load.xlocal_routing_wire_load_1.xlocal_mux_on_1.xlocal_mux_on_mux_only.n_1_3     5.72063e-05
xlocal_ble_output_load.xlocal_routing_wire_load_1.xlocal_mux_on_1.xlocal_mux_on_mux_only.n_1_4     5.72599e-05
xlocal_ble_output_load.xlocal_routing_wire_load_1.xlocal_mux_on_1.xlocal_mux_on_mux_only.n_1_5     5.73134e-05
xlocal_ble_output_load.xlocal_routing_wire_load_1.xlocal_mux_on_1.xlocal_mux_on_mux_only.n_1_6     5.73669e-05
xlocal_ble_output_load.xlocal_routing_wire_load_1.xlocal_mux_on_1.xlocal_mux_on_mux_only.n_2     6.78878e-05
xlocal_ble_output_load.xlocal_routing_wire_load_1.xlocal_mux_on_1.xlocal_mux_on_mux_only.n_2_1     6.79665e-05
xlocal_ble_output_load.xlocal_routing_wire_load_1.xlocal_mux_on_1.n_1_1     6.80452e-05
xlocal_ble_output_load.xlocal_routing_wire_load_1.xlocal_mux_on_1.xlocal_mux_on_mux_only.n_2_2     6.80452e-05
xlocal_ble_output_load.xlocal_routing_wire_load_1.xlocal_mux_on_1.xlocal_mux_on_mux_only.n_2_3     6.80452e-05
xlocal_ble_output_load.n_1_2          0.799945
xlocal_ble_output_load.xlocal_routing_wire_load_1.n_29     4.63137e-05
xlocal_ble_output_load.xlocal_routing_wire_load_1.n_30     4.63137e-05
xlocal_ble_output_load.n_hang3        0.799945
xlocal_ble_output_load.n_hang1     2.67567e-05
v_local_output#branch             -3.07899e-08
vin#branch                         1.01719e-11
vground#branch                     3.25812e-05
vsram_n#branch                     1.52388e-16
vclmomtjn#branch                             0
vrefmtjn#branch                              0
vsram#branch                      -1.33524e-09
vsupplylp#branch                             0
vsupply#branch                    -3.25798e-05

 Reference value :  2.12960e-10 Reference value :  5.40960e-10 Reference value :  8.76960e-10 Reference value :  1.24096e-09