warning, can't find model 'cw' from line
    cwire_1 n_in gnd cw
warning, can't find model 'rw' from line
    rwire_1 n_in n_out rw
warning, can't find model 'cw' from line
    cwire_2 n_out gnd cw
    Simulation interrupted due to error!

******
** ngspice-37+ : Circuit level simulation program
** The U. C. Berkeley CAD Group
** Copyright 1985-1994, Regents of the University of California.
** Copyright 2001-2022, The ngspice team.
** Please get your ngspice manual from http://ngspice.sourceforge.net/docs.html
** Please file your bug-reports at http://ngspice.sourceforge.net/bugrep.html
** Creation Date: Mon Jul 25 11:02:59 UTC 2022
******

Note: No compatibility mode selected!


Circuit: bitline discharging process in MTJ-based RAM block

Error on line 0 or its substitute:
  m.xprechargesa.m0 xprechargesa.n_1_1 vdd_lp vdd_lp vdd_lp pmos_lp_mtj l=22n w=300n as=300n*trans_diffusion_length ad=300n*trans_diffusion_length ps=300n+2*trans_diffusion_length pd=300n+2*trans_diffusion_length
  unknown parameter (*) 
ngspice 51 -> 