warning, can't find model 'cw' from line
    cwire_1 n_in gnd cw
warning, can't find model 'rw' from line
    rwire_1 n_in n_out rw
warning, can't find model 'cw' from line
    cwire_2 n_out gnd cw
    Simulation interrupted due to error!

******
** ngspice-37+ : Circuit level simulation program
** The U. C. Berkeley CAD Group
** Copyright 1985-1994, Regents of the University of California.
** Copyright 2001-2022, The ngspice team.
** Please get your ngspice manual from http://ngspice.sourceforge.net/docs.html
** Please file your bug-reports at http://ngspice.sourceforge.net/bugrep.html
** Creation Date: Mon Jul 25 11:02:59 UTC 2022
******

Note: No compatibility mode selected!


Circuit: precharge and equalization

Error on line 0 or its substitute:
  m.xwrite.m1 xwrite.p_1_1 xwrite.n_web vdd_lp vdd_lp pmos_lp l=    2.200000000000000e-08     w=150n as=150n*trans_diffusion_length ad=150n*trans_diffusion_length ps=150n+2*trans_diffusion_length pd=150n+2*trans_diffusion_length
  unknown parameter (*) 
ngspice 51 -> 